2008.02.11 20:55 B J:\My Documents\Hood River Grower Shipper Assoc\spray\administrators_list.asp <-- HRGSA /hrgsa.org/web/spray administrators_list.asp
2008.02.11 20:55 B J:\My Documents\Hood River Grower Shipper Assoc\spray\adovbs.asp <-- HRGSA /hrgsa.org/web/spray adovbs.asp
2008.02.11 20:55 B J:\My Documents\Hood River Grower Shipper Assoc\spray\agreetoterms.asp <-- HRGSA /hrgsa.org/web/spray agreetoterms.asp
2008.02.11 20:55 B J:\My Documents\Hood River Grower Shipper Assoc\spray\crops_list.asp <-- HRGSA /hrgsa.org/web/spray crops_list.asp
2008.02.11 20:55 B J:\My Documents\Hood River Grower Shipper Assoc\spray\datepicker.js <-- HRGSA /hrgsa.org/web/spray datepicker.js
2008.02.11 20:55 B J:\My Documents\Hood River Grower Shipper Assoc\spray\enterspraydata.asp <-- HRGSA /hrgsa.org/web/spray enterspraydata.asp
2008.02.11 20:55 B J:\My Documents\Hood River Grower Shipper Assoc\spray\gb.css <-- HRGSA /hrgsa.org/web/spray gb.css
2008.02.11 20:55 B J:\My Documents\Hood River Grower Shipper Assoc\spray\global.asa <-- HRGSA /hrgsa.org/web/spray global.asa
2008.02.11 20:55 B J:\My Documents\Hood River Grower Shipper Assoc\spray\grower_report.asp <-- HRGSA /hrgsa.org/web/spray grower_report.asp
2008.02.11 20:55 B J:\My Documents\Hood River Grower Shipper Assoc\spray\grower_report_PURS.asp <-- HRGSA /hrgsa.org/web/spray grower_report_PURS.asp
2008.02.11 20:55 B J:\My Documents\Hood River Grower Shipper Assoc\spray\GrowerLocations.asp <-- HRGSA /hrgsa.org/web/spray GrowerLocations.asp
2008.02.11 20:55 B J:\My Documents\Hood River Grower Shipper Assoc\spray\growers-section.asp <-- HRGSA /hrgsa.org/web/spray growers-section.asp
2008.02.11 20:55 B J:\My Documents\Hood River Grower Shipper Assoc\spray\growers_list.asp <-- HRGSA /hrgsa.org/web/spray growers_list.asp
2008.02.11 20:55 B J:\My Documents\Hood River Grower Shipper Assoc\spray\growersdefaults_list.asp <-- HRGSA /hrgsa.org/web/spray growersdefaults_list.asp
2008.02.11 20:55 B J:\My Documents\Hood River Grower Shipper Assoc\spray\i_adminfooter.asp <-- HRGSA /hrgsa.org/web/spray i_adminfooter.asp
2008.02.11 20:55 B J:\My Documents\Hood River Grower Shipper Assoc\spray\i_adminheader.asp <-- HRGSA /hrgsa.org/web/spray i_adminheader.asp
2008.02.11 20:55 B J:\My Documents\Hood River Grower Shipper Assoc\spray\i_Administrators.asp <-- HRGSA /hrgsa.org/web/spray i_Administrators.asp
2008.02.11 20:55 B J:\My Documents\Hood River Grower Shipper Assoc\spray\i_Crop.asp <-- HRGSA /hrgsa.org/web/spray i_Crop.asp
2008.02.11 20:55 B J:\My Documents\Hood River Grower Shipper Assoc\spray\i_GrowerLocations.asp <-- HRGSA /hrgsa.org/web/spray i_GrowerLocations.asp
2008.02.11 20:55 B J:\My Documents\Hood River Grower Shipper Assoc\spray\i_Growers.asp <-- HRGSA /hrgsa.org/web/spray i_Growers.asp
2008.02.11 20:55 B J:\My Documents\Hood River Grower Shipper Assoc\spray\i_Method.asp <-- HRGSA /hrgsa.org/web/spray i_Method.asp
2008.02.11 20:55 B J:\My Documents\Hood River Grower Shipper Assoc\spray\i_SprayList.asp <-- HRGSA /hrgsa.org/web/spray i_SprayList.asp
2008.02.11 20:55 B J:\My Documents\Hood River Grower Shipper Assoc\spray\i_SprayRecord.asp <-- HRGSA /hrgsa.org/web/spray i_SprayRecord.asp
2008.02.11 20:55 B J:\My Documents\Hood River Grower Shipper Assoc\spray\i_SprayRecordPURS.asp <-- HRGSA /hrgsa.org/web/spray i_SprayRecordPURS.asp
2008.02.11 20:55 B J:\My Documents\Hood River Grower Shipper Assoc\spray\i_SprayYears.asp <-- HRGSA /hrgsa.org/web/spray i_SprayYears.asp
2008.02.11 20:55 B J:\My Documents\Hood River Grower Shipper Assoc\spray\i_Stage.asp <-- HRGSA /hrgsa.org/web/spray i_Stage.asp
2008.02.11 20:55 B J:\My Documents\Hood River Grower Shipper Assoc\spray\i_Target.asp <-- HRGSA /hrgsa.org/web/spray i_Target.asp
2008.02.11 20:55 B J:\My Documents\Hood River Grower Shipper Assoc\spray\i_Units.asp <-- HRGSA /hrgsa.org/web/spray i_Units.asp
2008.02.11 20:55 B J:\My Documents\Hood River Grower Shipper Assoc\spray\i_Varieties.asp <-- HRGSA /hrgsa.org/web/spray i_Varieties.asp
2008.02.11 20:55 B J:\My Documents\Hood River Grower Shipper Assoc\spray\i_Weather.asp <-- HRGSA /hrgsa.org/web/spray i_Weather.asp
2008.02.11 20:55 B J:\My Documents\Hood River Grower Shipper Assoc\spray\index.asp <-- HRGSA /hrgsa.org/web/spray index.asp
2008.02.11 20:55 B J:\My Documents\Hood River Grower Shipper Assoc\spray\li_admin.css <-- HRGSA /hrgsa.org/web/spray li_admin.css
2008.02.11 20:55 B J:\My Documents\Hood River Grower Shipper Assoc\spray\loginform.asp <-- HRGSA /hrgsa.org/web/spray loginform.asp
2008.02.11 20:55 B J:\My Documents\Hood River Grower Shipper Assoc\spray\loginHandler.asp <-- HRGSA /hrgsa.org/web/spray loginHandler.asp
2008.02.11 20:55 B J:\My Documents\Hood River Grower Shipper Assoc\spray\logout.asp <-- HRGSA /hrgsa.org/web/spray logout.asp
2008.02.11 20:55 B J:\My Documents\Hood River Grower Shipper Assoc\spray\methods_list.asp <-- HRGSA /hrgsa.org/web/spray methods_list.asp
2008.02.11 20:55 B J:\My Documents\Hood River Grower Shipper Assoc\spray\news-info.asp <-- HRGSA /hrgsa.org/web/spray news-info.asp
2008.02.11 20:55 B J:\My Documents\Hood River Grower Shipper Assoc\spray\pu_centralposting.asp <-- HRGSA /hrgsa.org/web/spray pu_centralposting.asp
2008.02.11 20:55 B J:\My Documents\Hood River Grower Shipper Assoc\spray\pu_growerreport.asp <-- HRGSA /hrgsa.org/web/spray pu_growerreport.asp
2008.02.11 20:55 B J:\My Documents\Hood River Grower Shipper Assoc\spray\pu_spraylist_list.asp <-- HRGSA /hrgsa.org/web/spray pu_spraylist_list.asp
2008.02.11 20:55 B J:\My Documents\Hood River Grower Shipper Assoc\spray\reports.asp <-- HRGSA /hrgsa.org/web/spray reports.asp
2008.02.11 20:55 B J:\My Documents\Hood River Grower Shipper Assoc\spray\SprayDataCalcs.js <-- HRGSA /hrgsa.org/web/spray SprayDataCalcs.js
2008.02.11 20:55 B J:\My Documents\Hood River Grower Shipper Assoc\spray\spraylist_list.asp <-- HRGSA /hrgsa.org/web/spray spraylist_list.asp
2008.02.11 20:55 B J:\My Documents\Hood River Grower Shipper Assoc\spray\SprayProgramInstructions.doc <-- HRGSA /hrgsa.org/web/spray SprayProgramInstructions.doc
2008.02.11 20:55 B J:\My Documents\Hood River Grower Shipper Assoc\spray\SprayProgramInstructions.pdf <-- HRGSA /hrgsa.org/web/spray SprayProgramInstructions.pdf
2008.02.11 20:55 B J:\My Documents\Hood River Grower Shipper Assoc\spray\SprayRecord_ins.asp <-- HRGSA /hrgsa.org/web/spray SprayRecord_ins.asp
2008.02.11 20:55 B J:\My Documents\Hood River Grower Shipper Assoc\spray\SprayRecord_ins_thanks.asp <-- HRGSA /hrgsa.org/web/spray SprayRecord_ins_thanks.asp
2008.02.11 20:55 B J:\My Documents\Hood River Grower Shipper Assoc\spray\sprayrecords_list.asp <-- HRGSA /hrgsa.org/web/spray sprayrecords_list.asp
2008.02.11 20:55 B J:\My Documents\Hood River Grower Shipper Assoc\spray\SprayYears_ins.asp <-- HRGSA /hrgsa.org/web/spray SprayYears_ins.asp
2008.02.11 20:55 B J:\My Documents\Hood River Grower Shipper Assoc\spray\SprayYears_ins_thanks.asp <-- HRGSA /hrgsa.org/web/spray SprayYears_ins_thanks.asp
2008.02.11 20:55 B J:\My Documents\Hood River Grower Shipper Assoc\spray\sprayyears_list.asp <-- HRGSA /hrgsa.org/web/spray sprayyears_list.asp
2008.02.11 20:55 B J:\My Documents\Hood River Grower Shipper Assoc\spray\stages_list.asp <-- HRGSA /hrgsa.org/web/spray stages_list.asp
2008.02.11 20:55 B J:\My Documents\Hood River Grower Shipper Assoc\spray\targets_list.asp <-- HRGSA /hrgsa.org/web/spray targets_list.asp
2008.02.11 20:55 B J:\My Documents\Hood River Grower Shipper Assoc\spray\units_list.asp <-- HRGSA /hrgsa.org/web/spray units_list.asp
2008.02.11 20:55 B J:\My Documents\Hood River Grower Shipper Assoc\spray\varieties_list.asp <-- HRGSA /hrgsa.org/web/spray varieties_list.asp
2008.02.11 20:55 B J:\My Documents\Hood River Grower Shipper Assoc\spray\weather_list.asp <-- HRGSA /hrgsa.org/web/spray weather_list.asp
